============================= test session starts =============================
platform win32 -- Python 3.13.1, pytest-9.1.1, pluggy-1.6.0
rootdir: E:\maximal determinant
configfile: pyproject.toml
testpaths: tests
collected 30 items

tests\test_boxed_moment.py .                                             [  3%]
tests\test_core.py ......................                                [ 76%]
tests\test_order55.py ...                                                [ 86%]
tests\test_twocirculant.py ..                                            [ 93%]
tests\test_twocirculant_records.py ..                                    [100%]

============================= 30 passed in 2.78s ==============================
